#
# A fatal error has been detected by the Java Runtime Environment:
#
#  SIGSEGV (0xb) at pc=0x000000010a032d10, pid=6700, tid=17155
#
# JRE version: Java(TM) SE Runtime Environment (8.0_45-b14) (build 1.8.0_45-b14)
# Java VM: Java HotSpot(TM) 64-Bit Server VM (25.45-b02 mixed mode bsd-amd64 compressed oops)
# Problematic frame:
# V  [libjvm.dylib+0x432d10]  Method::checked_resolve_jmethod_id(_jmethodID*)+0xe
#
# Failed to write core dump. Core dumps have been disabled. To enable core dumping, try "ulimit -c unlimited" before starting Java again
#
# If you would like to submit a bug report, please visit:
#   http://bugreport.java.com/bugreport/crash.jsp
#

---------------  T H R E A D  ---------------

Current thread (0x00007ff96e857800):  JavaThread "JDWP Transport Listener: dt_socket" daemon [_thread_in_vm, id=17155, stack(0x000070000f7bb000,0x000070000f8bb000)]

siginfo: si_signo: 11 (SIGSEGV), si_code: 0 (unknown), si_addr: 0x0000000000000000

Registers:
RAX=0x0000000000000001, RBX=0x000070000f8baa8b, RCX=0x000000010a3fa190, RDX=0x000070000f8baa8b
RSP=0x000070000f8ba9d0, RBP=0x000070000f8ba9e0, RSI=0x00007ff96e857800, RDI=0x6f636552726f736e
R8 =0x000000000000000a, R9 =0x0000000000000000, R10=0x0000000000000001, R11=0x000000000000000b
R12=0x00007ff96e857800, R13=0x6f636552726f736e, R14=0x6f636552726f736e, R15=0x00007ff96dc03600
RIP=0x000000010a032d10, EFLAGS=0x0000000000010202, ERR=0x0000000000000000
  TRAPNO=0x000000000000000d

Top of Stack: (sp=0x000070000f8ba9d0)
0x000070000f8ba9d0:   000070000f8baa8b 000070000f8baa8b
0x000070000f8ba9e0:   000070000f8baa40 0000000109f430d6
0x000070000f8ba9f0:   00007ff96e857800 0000000000000000
0x000070000f8baa00:   0000000000000000 0000000000000000
0x000070000f8baa10:   00007ff96e857800 00007ff96e857800
0x000070000f8baa20:   000070000f8baa8b 000070000f8baa90
0x000070000f8baa30:   6f636552726f736e 0000000000000006
0x000070000f8baa40:   000070000f8baa60 000000010ab89780
0x000070000f8baa50:   0000000000000001 000070000f8bab08
0x000070000f8baa60:   000070000f8baad0 000000010ab6e1f3
0x000070000f8baa70:   000070000f8baaa0 00007ff9712a0f30
0x000070000f8baa80:   0000000700000032 00000001008bab08
0x000070000f8baa90:   0000000000000000 0000000000000000
0x000070000f8baaa0:   0000000000000000 000070000f8bac90
0x000070000f8baab0:   000000010ab90e7a 00007ff9712a0c00
0x000070000f8baac0:   000070000f8bab08 000000010ab9c598
0x000070000f8baad0:   000070000f8baae0 000000010ab6e2ec
0x000070000f8baae0:   000070000f8bad00 000000010ab77898
0x000070000f8baaf0:   0000be2100000013 00000000000f0200
0x000070000f8bab00:   00007ff9712a0c80 00007ff96e630e0a
0x000070000f8bab10:   00007ff9000004a6 00007ff9712a0f70
0x000070000f8bab20:   00007ff90000012c 000070000f8bab58
0x000070000f8bab30:   00007ff9712a1130 0000000000000000
0x000070000f8bab40:   0000be210000001c 00007ff90000d580
0x000070000f8bab50:   000070000f8bab58 f97f000007000000
0x000070000f8bab60:   16000000f8353b71 65447463656c6573
0x000070000f8bab70:   6168634565636976 0000617461447472
0x000070000f8bab80:   2f6d6f634c286000 2f6e75796f616476
0x000070000f8bab90:   70616d6574737973 6f6d2f6265772f69
0x000070000f8baba0:   736e65732f6c6564 6f736e65532f726f
0x000070000f8babb0:   5074726168634572 4c293b736d617261
0x000070000f8babc0:   687469672f6d6f63 356c6562612f6275 

Instructions: (pc=0x000000010a032d10)
0x000000010a032cf0:   40 48 48 85 c0 75 e0 30 c0 0f b6 c0 5d c3 31 c0
0x000000010a032d00:   5d c3 55 48 89 e5 53 48 83 ec 08 48 85 ff 74 24
0x000000010a032d10:   48 8b 1f 48 85 db 74 1c 48 83 fb 37 74 16 48 8b
0x000000010a032d20:   03 48 89 df ff 50 10 84 c0 b8 00 00 00 00 48 0f 

Register to memory mapping:

RAX=0x0000000000000001 is an unknown value
RBX=0x000070000f8baa8b is pointing into the stack for thread: 0x00007ff96e857800
RCX=0x000000010a3fa190: UseMembar+0 in /Library/Java/JavaVirtualMachines/jdk1.8.0_45.jdk/Contents/Home/jre/lib/server/libjvm.dylib at 0x0000000109c00000
RDX=0x000070000f8baa8b is pointing into the stack for thread: 0x00007ff96e857800
RSP=0x000070000f8ba9d0 is pointing into the stack for thread: 0x00007ff96e857800
RBP=0x000070000f8ba9e0 is pointing into the stack for thread: 0x00007ff96e857800
RSI=0x00007ff96e857800 is a thread
RDI=0x6f636552726f736e is an unknown value
R8 =0x000000000000000a is an unknown value
R9 =0x0000000000000000 is an unknown value
R10=0x0000000000000001 is an unknown value
R11=0x000000000000000b is an unknown value
R12=0x00007ff96e857800 is a thread
R13=0x6f636552726f736e is an unknown value
R14=0x6f636552726f736e is an unknown value
R15=0x00007ff96dc03600 is an unknown value


Stack: [0x000070000f7bb000,0x000070000f8bb000],  sp=0x000070000f8ba9d0,  free space=1022k
Native frames: (J=compiled Java code, j=interpreted, Vv=VM code, C=native code)
V  [libjvm.dylib+0x432d10]  Method::checked_resolve_jmethod_id(_jmethodID*)+0xe
V  [libjvm.dylib+0x3430d6]  jvmti_IsMethodSynthetic+0xb2
C  [libjdwp.dylib+0x20780]  isMethodSynthetic+0x63
C  [libjdwp.dylib+0x51f3]  methods1+0x10b
C  [libjdwp.dylib+0x52ec]  methodsWithGeneric+0xe
C  [libjdwp.dylib+0xe898]  debugLoop_run+0x1ce
C  [libjdwp.dylib+0x1f6ba]  attachThread+0x4d
V  [libjvm.dylib+0x38401c]  JvmtiAgentThread::call_start_function()+0x38
V  [libjvm.dylib+0x549acf]  JavaThread::thread_main_inner()+0x9b
V  [libjvm.dylib+0x54b1c0]  JavaThread::run()+0x1c2
V  [libjvm.dylib+0x46ea7e]  java_start(Thread*)+0xf6
C  [libsystem_pthread.dylib+0x393b]  _pthread_body+0xb4
C  [libsystem_pthread.dylib+0x3887]  _pthread_body+0x0
C  [libsystem_pthread.dylib+0x308d]  thread_start+0xd
C  0x0000000000000000


---------------  P R O C E S S  ---------------

Java Threads: ( => current thread )
  0x00007ff96f2ca000 JavaThread "DestroyJavaVM" [_thread_blocked, id=7171, stack(0x000070000eea0000,0x000070000efa0000)]
  0x00007ff970a2f800 JavaThread "http-nio-28005-AsyncTimeout" daemon [_thread_blocked, id=53507, stack(0x0000700014196000,0x0000700014296000)]
  0x00007ff970a2f000 JavaThread "http-nio-28005-Acceptor-0" daemon [_thread_in_native, id=52995, stack(0x0000700014093000,0x0000700014193000)]
  0x00007ff96f2c9800 JavaThread "http-nio-28005-ClientPoller-1" daemon [_thread_in_native, id=52483, stack(0x0000700013f90000,0x0000700014090000)]
  0x00007ff96fce3800 JavaThread "http-nio-28005-ClientPoller-0" daemon [_thread_in_native, id=51971, stack(0x0000700013e8d000,0x0000700013f8d000)]
  0x00007ff96f2c6800 JavaThread "http-nio-28005-exec-10" daemon [_thread_blocked, id=51459, stack(0x0000700013d8a000,0x0000700013e8a000)]
  0x00007ff96fce3000 JavaThread "http-nio-28005-exec-9" daemon [_thread_blocked, id=50947, stack(0x0000700013c87000,0x0000700013d87000)]
  0x00007ff96fce2000 JavaThread "http-nio-28005-exec-8" daemon [_thread_blocked, id=50435, stack(0x0000700013b84000,0x0000700013c84000)]
  0x00007ff970a2c000 JavaThread "http-nio-28005-exec-7" daemon [_thread_blocked, id=49923, stack(0x0000700013a81000,0x0000700013b81000)]
  0x00007ff96fce1800 JavaThread "http-nio-28005-exec-6" daemon [_thread_blocked, id=49411, stack(0x000070001397e000,0x0000700013a7e000)]
  0x00007ff96fcdf800 JavaThread "http-nio-28005-exec-5" daemon [_thread_blocked, id=48899, stack(0x000070001387b000,0x000070001397b000)]
  0x00007ff97085d800 JavaThread "http-nio-28005-exec-4" daemon [_thread_blocked, id=48387, stack(0x0000700013778000,0x0000700013878000)]
  0x00007ff97085d000 JavaThread "http-nio-28005-exec-3" daemon [_thread_blocked, id=47875, stack(0x0000700013675000,0x0000700013775000)]
  0x00007ff96f2c6000 JavaThread "http-nio-28005-exec-2" daemon [_thread_blocked, id=47363, stack(0x0000700013572000,0x0000700013672000)]
  0x00007ff96f2c0800 JavaThread "http-nio-28005-exec-1" daemon [_thread_blocked, id=46851, stack(0x000070001346f000,0x000070001356f000)]
  0x00007ff96e7db800 JavaThread "NioBlockingSelector.BlockPoller-1" daemon [_thread_in_native, id=46339, stack(0x000070001336c000,0x000070001346c000)]
  0x00007ff9718eb000 JavaThread "spring.cloud.inetutils" daemon [_thread_blocked, id=45827, stack(0x0000700013269000,0x0000700013369000)]
  0x00007ff96f24e000 JavaThread "PullMessageServiceScheduledThread" [_thread_blocked, id=45315, stack(0x0000700013166000,0x0000700013266000)]
  0x00007ff96ee87000 JavaThread "MQ-AsyncArrayDispatcher-Thread-c2745624-f0eb-4e1e-855d-df5fa2778faf" daemon [_thread_blocked, id=44803, stack(0x0000700013063000,0x0000700013163000)]
  0x00007ff96faf3800 JavaThread "NettyClientPublicExecutor_4" [_thread_blocked, id=44291, stack(0x0000700012f60000,0x0000700013060000)]
  0x00007ff96fb9f800 JavaThread "NettyClientPublicExecutor_3" [_thread_blocked, id=43779, stack(0x0000700012e5d000,0x0000700012f5d000)]
  0x00007ff96ee86800 JavaThread "NettyClientPublicExecutor_2" [_thread_blocked, id=43267, stack(0x0000700012d5a000,0x0000700012e5a000)]
  0x00007ff96f133800 JavaThread "NettyClientWorkerThread_4" [_thread_blocked, id=42755, stack(0x0000700012c57000,0x0000700012d57000)]
  0x00007ff96f10f000 JavaThread "NettyClientWorkerThread_3" [_thread_blocked, id=42243, stack(0x0000700012b54000,0x0000700012c54000)]
  0x00007ff96ee85000 JavaThread "NettyClientPublicExecutor_1" [_thread_blocked, id=41731, stack(0x0000700012a51000,0x0000700012b51000)]
  0x00007ff96f11e000 JavaThread "NettyClientWorkerThread_2" [_thread_blocked, id=41219, stack(0x000070001294e000,0x0000700012a4e000)]
  0x00007ff96fba8800 JavaThread "NettyClientWorkerThread_1" [_thread_blocked, id=40707, stack(0x000070001284b000,0x000070001294b000)]
  0x00007ff96e561800 JavaThread "NettyClientSelector_1" [_thread_in_native, id=40195, stack(0x0000700012748000,0x0000700012848000)]
  0x00007ff96ee8a000 JavaThread "RebalanceService" [_thread_blocked, id=39683, stack(0x0000700012645000,0x0000700012745000)]
  0x00007ff96ee89000 JavaThread "PullMessageService" [_thread_blocked, id=39171, stack(0x0000700012542000,0x0000700012642000)]
  0x00007ff9709ba800 JavaThread "CleanExpireMsgScheduledThread_1" [_thread_blocked, id=38659, stack(0x000070001243f000,0x000070001253f000)]
  0x00007ff9709c4000 JavaThread "MQClientFactoryScheduledThread" [_thread_blocked, id=37639, stack(0x0000700012239000,0x0000700012339000)]
  0x00007ff96e792800 JavaThread "ClientHouseKeepingService" daemon [_thread_blocked, id=26887, stack(0x0000700010cfa000,0x0000700010dfa000)]
  0x00007ff9709bf800 JavaThread "ONSClient-UpdateNameServerThread" [_thread_blocked, id=26379, stack(0x0000700010bf7000,0x0000700010cf7000)]
  0x00007ff970a92000 JavaThread "commons-pool-EvictionTimer" daemon [_thread_blocked, id=38147, stack(0x000070001233c000,0x000070001243c000)]
  0x00007ff96e769000 JavaThread "IdleConnectionMonitorThread" daemon [_thread_blocked, id=37123, stack(0x0000700012136000,0x0000700012236000)]
  0x00007ff970aa0000 JavaThread "NettyClientWorkerThread_1" [_thread_blocked, id=36611, stack(0x0000700012033000,0x0000700012133000)]
  0x00007ff96f1b8800 JavaThread "NettyClientWorkerThread_1" [_thread_blocked, id=36099, stack(0x0000700011f30000,0x0000700012030000)]
  0x00007ff96e0ba000 JavaThread "NettyClientSelector_1" [_thread_in_native, id=35587, stack(0x0000700011e2d000,0x0000700011f2d000)]
  0x00007ff96fb21800 JavaThread "NettyClientSelector_1" [_thread_in_native, id=35075, stack(0x0000700011d2a000,0x0000700011e2a000)]
  0x00007ff96faff800 JavaThread "MQ-AsyncArrayDispatcher-Thread-818cbc02-b5df-4369-a1cf-e84cd4b3b068" daemon [_thread_blocked, id=34563, stack(0x0000700011c27000,0x0000700011d27000)]
  0x00007ff96fafb800 JavaThread "RebalanceService" [_thread_blocked, id=34051, stack(0x0000700011b24000,0x0000700011c24000)]
  0x00007ff96fafa800 JavaThread "PullMessageService" [_thread_blocked, id=33539, stack(0x0000700011a21000,0x0000700011b21000)]
  0x00007ff96fafa000 JavaThread "MQClientFactoryScheduledThread" [_thread_blocked, id=33027, stack(0x000070001191e000,0x0000700011a1e000)]
  0x00007ff96e5db800 JavaThread "ClientHouseKeepingService" daemon [_thread_blocked, id=32515, stack(0x000070001181b000,0x000070001191b000)]
  0x00007ff96e0b9800 JavaThread "RebalanceService" [_thread_blocked, id=32003, stack(0x0000700011718000,0x0000700011818000)]
  0x00007ff96e660800 JavaThread "PullMessageService" [_thread_blocked, id=31491, stack(0x0000700011615000,0x0000700011715000)]
  0x00007ff96e361000 JavaThread "MQClientFactoryScheduledThread" [_thread_blocked, id=30979, stack(0x0000700011512000,0x0000700011612000)]
  0x00007ff96e112800 JavaThread "ClientHouseKeepingService" daemon [_thread_blocked, id=30467, stack(0x000070001140f000,0x000070001150f000)]
  0x00007ff96f194000 JavaThread "ONSClient-UpdateNameServerThread" [_thread_blocked, id=29955, stack(0x000070001130c000,0x000070001140c000)]
  0x00007ff96e562800 JavaThread "AsyncAppender-Dispatcher-Thread-6" daemon [_thread_blocked, id=29443, stack(0x0000700011209000,0x0000700011309000)]
  0x00007ff96f132000 JavaThread "Druid-ConnectionPool-Destroy-689549299" daemon [_thread_blocked, id=28931, stack(0x0000700011106000,0x0000700011206000)]
  0x00007ff96fae2800 JavaThread "Druid-ConnectionPool-Create-689549299" daemon [_thread_blocked, id=28419, stack(0x0000700011003000,0x0000700011103000)]
  0x00007ff96e66f800 JavaThread "Abandoned connection cleanup thread" daemon [_thread_blocked, id=23819, stack(0x00007000104e2000,0x00007000105e2000)]
  0x00007ff96e65f000 JavaThread "container-0" [_thread_blocked, id=27907, stack(0x0000700010f00000,0x0000700011000000)]
  0x00007ff96e35b800 JavaThread "ContainerBackgroundProcessor[StandardEngine[Tomcat]]" daemon [_thread_blocked, id=27395, stack(0x0000700010dfd000,0x0000700010efd000)]
  0x00007ff96f114800 JavaThread "sensor.data" [_thread_blocked, id=25859, stack(0x0000700010af4000,0x0000700010bf4000)]
  0x00007ff97092f000 JavaThread "ponds.data" [_thread_blocked, id=25347, stack(0x00007000109f1000,0x0000700010af1000)]
  0x00007ff96f1fd800 JavaThread "device.data" [_thread_blocked, id=24835, stack(0x00007000108ee000,0x00007000109ee000)]
  0x00007ff96f113800 JavaThread "Statistics Thread-__DEFAULT__-1" daemon [_thread_blocked, id=24323, stack(0x00007000107eb000,0x00007000108eb000)]
  0x00007ff96e3e8800 JavaThread "warn.data" [_thread_blocked, id=3847, stack(0x00007000106e8000,0x00007000107e8000)]
  0x00007ff970929000 JavaThread "__DEFAULT__" daemon [_thread_blocked, id=4875, stack(0x00007000105e5000,0x00007000106e5000)]
  0x00007ff96e359000 JavaThread "RMI TCP Accept-0" daemon [_thread_in_native, id=21763, stack(0x00007000100d6000,0x00007000101d6000)]
  0x00007ff96e11a800 JavaThread "RMI TCP Accept-56097" daemon [_thread_in_native, id=21251, stack(0x000070000ffd3000,0x00007000100d3000)]
  0x00007ff96f9c7800 JavaThread "RMI TCP Accept-0" daemon [_thread_in_native, id=20739, stack(0x000070000fed0000,0x000070000ffd0000)]
  0x00007ff96e04f000 JavaThread "Service Thread" daemon [_thread_blocked, id=20227, stack(0x000070000fdcd000,0x000070000fecd000)]
  0x00007ff96e846800 JavaThread "C1 CompilerThread2" daemon [_thread_blocked, id=19715, stack(0x000070000fcca000,0x000070000fdca000)]
  0x00007ff96f005000 JavaThread "C2 CompilerThread1" daemon [_thread_blocked, id=19203, stack(0x000070000fbc7000,0x000070000fcc7000)]
  0x00007ff96f003800 JavaThread "C2 CompilerThread0" daemon [_thread_blocked, id=18691, stack(0x000070000fac4000,0x000070000fbc4000)]
  0x00007ff96f802000 JavaThread "JDWP Command Reader" daemon [_thread_in_native, id=18179, stack(0x000070000f9c1000,0x000070000fac1000)]
  0x00007ff96e846000 JavaThread "JDWP Event Helper Thread" daemon [_thread_blocked, id=17667, stack(0x000070000f8be000,0x000070000f9be000)]
=>0x00007ff96e857800 JavaThread "JDWP Transport Listener: dt_socket" daemon [_thread_in_vm, id=17155, stack(0x000070000f7bb000,0x000070000f8bb000)]
  0x00007ff96e856000 JavaThread "Signal Dispatcher" daemon [_thread_blocked, id=16643, stack(0x000070000f6b8000,0x000070000f7b8000)]
  0x00007ff96e073800 JavaThread "Finalizer" daemon [_thread_blocked, id=12547, stack(0x000070000f5b5000,0x000070000f6b5000)]
  0x00007ff96e072800 JavaThread "Reference Handler" daemon [_thread_blocked, id=12035, stack(0x000070000f4b2000,0x000070000f5b2000)]

Other Threads:
  0x00007ff96e070000 VMThread [stack: 0x000070000f3af000,0x000070000f4af000] [id=11523]
  0x00007ff96ee5a800 WatcherThread [stack: 0x00007000101d9000,0x00007000102d9000] [id=22275]

VM state:not at safepoint (normal execution)

VM Mutex/Monitor currently owned by a thread: None

Heap:
 PSYoungGen      total 634880K, used 332626K [0x0000000795580000, 0x00000007bec80000, 0x00000007c0000000)
  eden space 623104K, 51% used [0x0000000795580000,0x00000007a8f00068,0x00000007bb600000)
  from space 11776K, 98% used [0x00000007be100000,0x00000007bec54b78,0x00000007bec80000)
  to   space 18432K, 0% used [0x00000007bc880000,0x00000007bc880000,0x00000007bda80000)
 ParOldGen       total 143360K, used 52877K [0x0000000740000000, 0x0000000748c00000, 0x0000000795580000)
  object space 143360K, 36% used [0x0000000740000000,0x00000007433a3630,0x0000000748c00000)
 Metaspace       used 68225K, capacity 69658K, committed 69888K, reserved 1110016K
  class space    used 8328K, capacity 8585K, committed 8704K, reserved 1048576K

Card table byte_map: [0x000000010af74000,0x000000010b375000] byte_map_base: 0x0000000107574000

Marking Bits: (ParMarkBitMap*) 0x000000010a4c27a0
 Begin Bits: [0x000000010b620000, 0x000000010d620000)
 End Bits:   [0x000000010d620000, 0x000000010f620000)

Polling page: 0x00000001093bd000

CodeCache: size=245760Kb used=20853Kb max_used=20853Kb free=224906Kb
 bounds [0x00000001113ab000, 0x000000011281b000, 0x00000001203ab000]
 total_blobs=10331 nmethods=9495 adapters=756
 compilation: enabled

Compilation events (10 events):
Event: 796.970 Thread 0x00007ff96e846800 9677       1       org.springframework.transaction.support.DefaultTransactionStatus::isNewTransaction (20 bytes)
Event: 796.971 Thread 0x00007ff96e846800 nmethod 9677 0x000000011280a890 code [0x000000011280a9e0, 0x000000011280ab30]
Event: 796.997 Thread 0x00007ff96e846800 9678       1       org.apache.catalina.connector.ResponseFacade::getHeader (9 bytes)
Event: 796.998 Thread 0x00007ff96e846800 nmethod 9678 0x000000011280ab90 code [0x000000011280ad00, 0x000000011280aeb8]
Event: 796.998 Thread 0x00007ff96e846800 9679       1       org.apache.catalina.connector.Response::getHeader (12 bytes)
Event: 796.998 Thread 0x00007ff96e846800 nmethod 9679 0x000000011280b090 code [0x000000011280b200, 0x000000011280b3b8]
Event: 797.001 Thread 0x00007ff96e846800 9680       1       org.apache.tomcat.util.net.SocketWrapperBase::write (30 bytes)
Event: 797.003 Thread 0x00007ff96e846800 nmethod 9680 0x000000011280b510 code [0x000000011280b680, 0x000000011280b818]
Event: 797.003 Thread 0x00007ff96e846800 9681       1       org.apache.tomcat.util.net.SocketWrapperBase::writeBlocking (58 bytes)
Event: 797.003 Thread 0x00007ff96e846800 nmethod 9681 0x000000011280b910 code [0x000000011280bae0, 0x000000011280be08]

GC Heap History (10 events):
Event: 22.003 GC heap before
{Heap before GC invocations=15 (full 2):
 PSYoungGen      total 416256K, used 416177K [0x0000000795580000, 0x00000007b0580000, 0x00000007c0000000)
  eden space 403968K, 100% used [0x0000000795580000,0x00000007ae000000,0x00000007ae000000)
  from space 12288K, 99% used [0x00000007af980000,0x00000007b056c638,0x00000007b0580000)
  to   space 16896K, 0% used [0x00000007ae480000,0x00000007ae480000,0x00000007af500000)
 ParOldGen       total 90624K, used 34495K [0x0000000740000000, 0x0000000745880000, 0x0000000795580000)
  object space 90624K, 38% used [0x0000000740000000,0x00000007421afc18,0x0000000745880000)
 Metaspace       used 54132K, capacity 55040K, committed 55168K, reserved 1097728K
  class space    used 6818K, capacity 6992K, committed 7040K, reserved 1048576K
Event: 22.038 GC heap after
Heap after GC invocations=15 (full 2):
 PSYoungGen      total 425472K, used 16887K [0x0000000795580000, 0x00000007b6780000, 0x00000007c0000000)
  eden space 408576K, 0% used [0x0000000795580000,0x0000000795580000,0x00000007ae480000)
  from space 16896K, 99% used [0x00000007ae480000,0x00000007af4fde18,0x00000007af500000)
  to   space 19968K, 0% used [0x00000007b5400000,0x00000007b5400000,0x00000007b6780000)
 ParOldGen       total 90624K, used 37312K [0x0000000740000000, 0x0000000745880000, 0x0000000795580000)
  object space 90624K, 41% used [0x0000000740000000,0x00000007424703e8,0x0000000745880000)
 Metaspace       used 54132K, capacity 55040K, committed 55168K, reserved 1097728K
  class space    used 6818K, capacity 6992K, committed 7040K, reserved 1048576K
}
Event: 24.166 GC heap before
{Heap before GC invocations=16 (full 2):
 PSYoungGen      total 425472K, used 425463K [0x0000000795580000, 0x00000007b6780000, 0x00000007c0000000)
  eden space 408576K, 100% used [0x0000000795580000,0x00000007ae480000,0x00000007ae480000)
  from space 16896K, 99% used [0x00000007ae480000,0x00000007af4fde18,0x00000007af500000)
  to   space 19968K, 0% used [0x00000007b5400000,0x00000007b5400000,0x00000007b6780000)
 ParOldGen       total 90624K, used 37312K [0x0000000740000000, 0x0000000745880000, 0x0000000795580000)
  object space 90624K, 41% used [0x0000000740000000,0x00000007424703e8,0x0000000745880000)
 Metaspace       used 57814K, capacity 58784K, committed 59008K, reserved 1101824K
  class space    used 7234K, capacity 7466K, committed 7552K, reserved 1048576K
Event: 24.215 GC heap after
Heap after GC invocations=16 (full 2):
 PSYoungGen      total 523776K, used 9903K [0x0000000795580000, 0x00000007b7300000, 0x00000007c0000000)
  eden space 503808K, 0% used [0x0000000795580000,0x0000000795580000,0x00000007b4180000)
  from space 19968K, 49% used [0x00000007b5400000,0x00000007b5dabd28,0x00000007b6780000)
  to   space 18944K, 0% used [0x00000007b4180000,0x00000007b4180000,0x00000007b5400000)
 ParOldGen       total 90624K, used 51874K [0x0000000740000000, 0x0000000745880000, 0x0000000795580000)
  object space 90624K, 57% used [0x0000000740000000,0x00000007432a8b80,0x0000000745880000)
 Metaspace       used 57814K, capacity 58784K, committed 59008K, reserved 1101824K
  class space    used 7234K, capacity 7466K, committed 7552K, reserved 1048576K
}
Event: 24.942 GC heap before
{Heap before GC invocations=17 (full 2):
 PSYoungGen      total 523776K, used 332264K [0x0000000795580000, 0x00000007b7300000, 0x00000007c0000000)
  eden space 503808K, 63% used [0x0000000795580000,0x00000007a904e5b8,0x00000007b4180000)
  from space 19968K, 49% used [0x00000007b5400000,0x00000007b5dabd28,0x00000007b6780000)
  to   space 18944K, 0% used [0x00000007b4180000,0x00000007b4180000,0x00000007b5400000)
 ParOldGen       total 90624K, used 51874K [0x0000000740000000, 0x0000000745880000, 0x0000000795580000)
  object space 90624K, 57% used [0x0000000740000000,0x00000007432a8b80,0x0000000745880000)
 Metaspace       used 57995K, capacity 59032K, committed 59160K, reserved 1101824K
  class space    used 7256K, capacity 7486K, committed 7552K, reserved 1048576K
Event: 24.963 GC heap after
Heap after GC invocations=17 (full 2):
 PSYoungGen      total 522752K, used 8991K [0x0000000795580000, 0x00000007bf300000, 0x00000007c0000000)
  eden space 503808K, 0% used [0x0000000795580000,0x0000000795580000,0x00000007b4180000)
  from space 18944K, 47% used [0x00000007b4180000,0x00000007b4a47e00,0x00000007b5400000)
  to   space 18432K, 0% used [0x00000007be100000,0x00000007be100000,0x00000007bf300000)
 ParOldGen       total 90624K, used 51882K [0x0000000740000000, 0x0000000745880000, 0x0000000795580000)
  object space 90624K, 57% used [0x0000000740000000,0x00000007432aab80,0x0000000745880000)
 Metaspace       used 57995K, capacity 59032K, committed 59160K, reserved 1101824K
  class space    used 7256K, capacity 7486K, committed 7552K, reserved 1048576K
}
Event: 24.963 GC heap before
{Heap before GC invocations=18 (full 3):
 PSYoungGen      total 522752K, used 8991K [0x0000000795580000, 0x00000007bf300000, 0x00000007c0000000)
  eden space 503808K, 0% used [0x0000000795580000,0x0000000795580000,0x00000007b4180000)
  from space 18944K, 47% used [0x00000007b4180000,0x00000007b4a47e00,0x00000007b5400000)
  to   space 18432K, 0% used [0x00000007be100000,0x00000007be100000,0x00000007bf300000)
 ParOldGen       total 90624K, used 51882K [0x0000000740000000, 0x0000000745880000, 0x0000000795580000)
  object space 90624K, 57% used [0x0000000740000000,0x00000007432aab80,0x0000000745880000)
 Metaspace       used 57995K, capacity 59032K, committed 59160K, reserved 1101824K
  class space    used 7256K, capacity 7486K, committed 7552K, reserved 1048576K
Event: 25.374 GC heap after
Heap after GC invocations=18 (full 3):
 PSYoungGen      total 522752K, used 0K [0x0000000795580000, 0x00000007bf300000, 0x00000007c0000000)
  eden space 503808K, 0% used [0x0000000795580000,0x0000000795580000,0x00000007b4180000)
  from space 18944K, 0% used [0x00000007b4180000,0x00000007b4180000,0x00000007b5400000)
  to   space 18432K, 0% used [0x00000007be100000,0x00000007be100000,0x00000007bf300000)
 ParOldGen       total 143360K, used 52850K [0x0000000740000000, 0x0000000748c00000, 0x0000000795580000)
  object space 143360K, 36% used [0x0000000740000000,0x000000074339c9e0,0x0000000748c00000)
 Metaspace       used 57995K, capacity 59032K, committed 59160K, reserved 1101824K
  class space    used 7256K, capacity 7486K, committed 7552K, reserved 1048576K
}
Event: 107.933 GC heap before
{Heap before GC invocations=19 (full 3):
 PSYoungGen      total 522752K, used 503808K [0x0000000795580000, 0x00000007bf300000, 0x00000007c0000000)
  eden space 503808K, 100% used [0x0000000795580000,0x00000007b4180000,0x00000007b4180000)
  from space 18944K, 0% used [0x00000007b4180000,0x00000007b4180000,0x00000007b5400000)
  to   space 18432K, 0% used [0x00000007be100000,0x00000007be100000,0x00000007bf300000)
 ParOldGen       total 143360K, used 52850K [0x0000000740000000, 0x0000000748c00000, 0x0000000795580000)
  object space 143360K, 36% used [0x0000000740000000,0x000000074339c9e0,0x0000000748c00000)
 Metaspace       used 65349K, capacity 66530K, committed 66816K, reserved 1107968K
  class space    used 8098K, capacity 8325K, committed 8448K, reserved 1048576K
Event: 108.002 GC heap after
Heap after GC invocations=19 (full 3):
 PSYoungGen      total 634880K, used 11602K [0x0000000795580000, 0x00000007bec80000, 0x00000007c0000000)
  eden space 623104K, 0% used [0x0000000795580000,0x0000000795580000,0x00000007bb600000)
  from space 11776K, 98% used [0x00000007be100000,0x00000007bec54b78,0x00000007bec80000)
  to   space 18432K, 0% used [0x00000007bc880000,0x00000007bc880000,0x00000007bda80000)
 ParOldGen       total 143360K, used 52877K [0x0000000740000000, 0x0000000748c00000, 0x0000000795580000)
  object space 143360K, 36% used [0x0000000740000000,0x00000007433a3630,0x0000000748c00000)
 Metaspace       used 65349K, capacity 66530K, committed 66816K, reserved 1107968K
  class space    used 8098K, capacity 8325K, committed 8448K, reserved 1048576K
}

Deoptimization events (0 events):
No events

Internal exceptions (10 events):
Event: 794.812 Thread 0x00007ff97085d000 Exception <a 'java/lang/ArrayIndexOutOfBoundsException'> (0x00000007a86afc68) thrown at [/Users/java_re/workspace/8-2-build-macosx-x86_64/jdk8u45/3457/hotspot/src/share/vm/runtime/sharedRuntime.cpp, line 605]
Event: 794.812 Thread 0x00007ff97085d000 Exception <a 'java/lang/ArrayIndexOutOfBoundsException'> (0x00000007a86b1118) thrown at [/Users/java_re/workspace/8-2-build-macosx-x86_64/jdk8u45/3457/hotspot/src/share/vm/runtime/sharedRuntime.cpp, line 605]
Event: 794.812 Thread 0x00007ff97085d000 Exception <a 'java/lang/ArrayIndexOutOfBoundsException'> (0x00000007a86b2470) thrown at [/Users/java_re/workspace/8-2-build-macosx-x86_64/jdk8u45/3457/hotspot/src/share/vm/runtime/sharedRuntime.cpp, line 605]
Event: 796.547 Thread 0x00007ff97085d800 Exception <a 'java/lang/ArrayIndexOutOfBoundsException'> (0x00000007a6a0cb58) thrown at [/Users/java_re/workspace/8-2-build-macosx-x86_64/jdk8u45/3457/hotspot/src/share/vm/runtime/sharedRuntime.cpp, line 605]
Event: 796.547 Thread 0x00007ff97085d800 Exception <a 'java/lang/ArrayIndexOutOfBoundsException'> (0x00000007a6a0e198) thrown at [/Users/java_re/workspace/8-2-build-macosx-x86_64/jdk8u45/3457/hotspot/src/share/vm/runtime/sharedRuntime.cpp, line 605]
Event: 796.547 Thread 0x00007ff97085d800 Exception <a 'java/lang/ArrayIndexOutOfBoundsException'> (0x00000007a6a0f680) thrown at [/Users/java_re/workspace/8-2-build-macosx-x86_64/jdk8u45/3457/hotspot/src/share/vm/runtime/sharedRuntime.cpp, line 605]
Event: 796.574 Thread 0x00007ff97085d800 Exception <a 'java/lang/ArrayIndexOutOfBoundsException'> (0x00000007a87524a0) thrown at [/Users/java_re/workspace/8-2-build-macosx-x86_64/jdk8u45/3457/hotspot/src/share/vm/runtime/sharedRuntime.cpp, line 605]
Event: 796.574 Thread 0x00007ff97085d800 Exception <a 'java/lang/ArrayIndexOutOfBoundsException'> (0x00000007a8753950) thrown at [/Users/java_re/workspace/8-2-build-macosx-x86_64/jdk8u45/3457/hotspot/src/share/vm/runtime/sharedRuntime.cpp, line 605]
Event: 796.574 Thread 0x00007ff97085d800 Exception <a 'java/lang/ArrayIndexOutOfBoundsException'> (0x00000007a8754ca8) thrown at [/Users/java_re/workspace/8-2-build-macosx-x86_64/jdk8u45/3457/hotspot/src/share/vm/runtime/sharedRuntime.cpp, line 605]
Event: 797.009 Thread 0x00007ff97085d800 Exception <a 'java/io/IOException'> (0x00000007a8d7d3a8) thrown at [/Users/java_re/workspace/8-2-build-macosx-x86_64/jdk8u45/3457/hotspot/src/share/vm/prims/jni.cpp, line 709]

Events (10 events):
Event: 796.943 loading class com/github/abel533/echarts/series/Series
Event: 796.943 loading class com/github/abel533/echarts/series/Series done
Event: 797.009 Thread 0x00007ff97085d800 DEOPT PACKING pc=0x00000001127084d4 sp=0x0000700013876fd0
Event: 797.009 Thread 0x00007ff97085d800 DEOPT UNPACKING pc=0x00000001113f2633 sp=0x0000700013876d18 mode 1
Event: 797.009 Thread 0x00007ff97085d800 DEOPT PACKING pc=0x0000000112707ebc sp=0x0000700013877030
Event: 797.009 Thread 0x00007ff97085d800 DEOPT UNPACKING pc=0x00000001113f2633 sp=0x0000700013876d98 mode 1
Event: 797.009 Thread 0x00007ff97085d800 DEOPT PACKING pc=0x00000001127075f4 sp=0x00007000138770d0
Event: 797.009 Thread 0x00007ff97085d800 DEOPT UNPACKING pc=0x00000001113f2633 sp=0x0000700013876e38 mode 1
Event: 797.009 Thread 0x00007ff97085d800 DEOPT PACKING pc=0x00000001126bc454 sp=0x0000700013877170
Event: 797.009 Thread 0x00007ff97085d800 DEOPT UNPACKING pc=0x00000001113f2633 sp=0x0000700013876f10 mode 1


Dynamic libraries:
0x000000001d416000 	/System/Library/Frameworks/Cocoa.framework/Versions/A/Cocoa
0x000000001d416000 	/System/Library/Frameworks/Security.framework/Versions/A/Security
0x000000001d416000 	/System/Library/Frameworks/ApplicationServices.framework/Versions/A/ApplicationServices
0x000000001d416000 	/usr/lib/libz.1.dylib
0x000000001d416000 	/usr/lib/libSystem.B.dylib
0x000000001d416000 	/usr/lib/libobjc.A.dylib
0x000000001d416000 	/System/Library/Frameworks/CoreFoundation.framework/Versions/A/CoreFoundation
0x000000001d416000 	/System/Library/Frameworks/Foundation.framework/Versions/C/Foundation
0x000000001d416000 	/System/Library/Frameworks/AppKit.framework/Versions/C/AppKit
0x000000001d416000 	/System/Library/Frameworks/CoreData.framework/Versions/A/CoreData
0x000000001d416000 	/System/Library/PrivateFrameworks/RemoteViewServices.framework/Versions/A/RemoteViewServices
0x000000001d416000 	/System/Library/PrivateFrameworks/UIFoundation.framework/Versions/A/UIFoundation
0x000000001d416000 	/System/Library/PrivateFrameworks/DFRFoundation.framework/Versions/A/DFRFoundation
0x000000001d416000 	/usr/lib/libenergytrace.dylib
0x000000001d416000 	/System/Library/PrivateFrameworks/SkyLight.framework/Versions/A/SkyLight
0x000000001d416000 	/System/Library/Frameworks/CoreGraphics.framework/Versions/A/CoreGraphics
0x000000001d416000 	/usr/lib/libScreenReader.dylib
0x000000001d416000 	/System/Library/Frameworks/Accelerate.framework/Versions/A/Accelerate
0x000000001d416000 	/System/Library/Frameworks/IOSurface.framework/Versions/A/IOSurface
0x000000001d416000 	/System/Library/Frameworks/AudioToolbox.framework/Versions/A/AudioToolbox
0x000000001d416000 	/System/Library/Frameworks/AudioUnit.framework/Versions/A/AudioUnit
0x000000001d416000 	/System/Library/PrivateFrameworks/DataDetectorsCore.framework/Versions/A/DataDetectorsCore
0x000000001d416000 	/System/Library/PrivateFrameworks/DesktopServicesPriv.framework/Versions/A/DesktopServicesPriv
0x000000001d416000 	/System/Library/Frameworks/Carbon.framework/Versions/A/Frameworks/HIToolbox.framework/Versions/A/HIToolbox
0x000000001d416000 	/usr/lib/libicucore.A.dylib
0x000000001d416000 	/System/Library/Frameworks/QuartzCore.framework/Versions/A/QuartzCore
0x000000001d416000 	/System/Library/Frameworks/Carbon.framework/Versions/A/Frameworks/SpeechRecognition.framework/Versions/A/SpeechRecognition
0x000000001d416000 	/usr/lib/libauto.dylib
0x000000001d416000 	/usr/lib/libxml2.2.dylib
0x000000001d416000 	/System/Library/PrivateFrameworks/CoreUI.framework/Versions/A/CoreUI
0x000000001d416000 	/System/Library/Frameworks/CoreAudio.framework/Versions/A/CoreAudio
0x000000001d416000 	/System/Library/Frameworks/DiskArbitration.framework/Versions/A/DiskArbitration
0x000000001d416000 	/usr/lib/liblangid.dylib
0x000000001d416000 	/System/Library/PrivateFrameworks/MultitouchSupport.framework/Versions/A/MultitouchSupport
0x000000001d416000 	/System/Library/Frameworks/IOKit.framework/Versions/A/IOKit
0x000000001d416000 	/usr/lib/libDiagnosticMessagesClient.dylib
0x000000001d416000 	/System/Library/Frameworks/CoreServices.framework/Versions/A/CoreServices
0x000000001d416000 	/System/Library/PrivateFrameworks/PerformanceAnalysis.framework/Versions/A/PerformanceAnalysis
0x000000001d416000 	/System/Library/PrivateFrameworks/GenerationalStorage.framework/Versions/A/GenerationalStorage
0x000000001d416000 	/System/Library/Frameworks/OpenGL.framework/Versions/A/OpenGL
0x000000001d416000 	/System/Library/Frameworks/CoreImage.framework/Versions/A/CoreImage
0x000000001d416000 	/System/Library/Frameworks/CoreText.framework/Versions/A/CoreText
0x000000001d416000 	/System/Library/Frameworks/ImageIO.framework/Versions/A/ImageIO
0x000000001d416000 	/System/Library/PrivateFrameworks/Backup.framework/Versions/A/Backup
0x000000001d416000 	/usr/lib/libarchive.2.dylib
0x000000001d416000 	/System/Library/Frameworks/CFNetwork.framework/Versions/A/CFNetwork
0x000000001d416000 	/System/Library/Frameworks/SystemConfiguration.framework/Versions/A/SystemConfiguration
0x000000001d416000 	/usr/lib/libCRFSuite.dylib
0x000000001d416000 	/usr/lib/libc++.1.dylib
0x000000001d416000 	/usr/lib/libc++abi.dylib
0x000000001d416000 	/usr/lib/system/libcache.dylib
0x000000001d416000 	/usr/lib/system/libcommonCrypto.dylib
0x000000001d416000 	/usr/lib/system/libcompiler_rt.dylib
0x000000001d416000 	/usr/lib/system/libcopyfile.dylib
0x000000001d416000 	/usr/lib/system/libcorecrypto.dylib
0x000000001d416000 	/usr/lib/system/libdispatch.dylib
0x000000001d416000 	/usr/lib/system/libdyld.dylib
0x000000001d416000 	/usr/lib/system/libkeymgr.dylib
0x000000001d416000 	/usr/lib/system/liblaunch.dylib
0x000000001d416000 	/usr/lib/system/libmacho.dylib
0x000000001d416000 	/usr/lib/system/libquarantine.dylib
0x000000001d416000 	/usr/lib/system/libremovefile.dylib
0x000000001d416000 	/usr/lib/system/libsystem_asl.dylib
0x000000001d416000 	/usr/lib/system/libsystem_blocks.dylib
0x000000001d416000 	/usr/lib/system/libsystem_c.dylib
0x000000001d416000 	/usr/lib/system/libsystem_configuration.dylib
0x000000001d416000 	/usr/lib/system/libsystem_coreservices.dylib
0x000000001d416000 	/usr/lib/system/libsystem_coretls.dylib
0x000000001d416000 	/usr/lib/system/libsystem_dnssd.dylib
0x000000001d416000 	/usr/lib/system/libsystem_info.dylib
0x000000001d416000 	/usr/lib/system/libsystem_kernel.dylib
0x000000001d416000 	/usr/lib/system/libsystem_m.dylib
0x000000001d416000 	/usr/lib/system/libsystem_malloc.dylib
0x000000001d416000 	/usr/lib/system/libsystem_network.dylib
0x000000001d416000 	/usr/lib/system/libsystem_networkextension.dylib
0x000000001d416000 	/usr/lib/system/libsystem_notify.dylib
0x000000001d416000 	/usr/lib/system/libsystem_platform.dylib
0x000000001d416000 	/usr/lib/system/libsystem_pthread.dylib
0x000000001d416000 	/usr/lib/system/libsystem_sandbox.dylib
0x000000001d416000 	/usr/lib/system/libsystem_secinit.dylib
0x000000001d416000 	/usr/lib/system/libsystem_symptoms.dylib
0x000000001d416000 	/usr/lib/system/libsystem_trace.dylib
0x000000001d416000 	/usr/lib/system/libunwind.dylib
0x000000001d416000 	/usr/lib/system/libxpc.dylib
0x000000001d416000 	/usr/lib/libbsm.0.dylib
0x000000001d416000 	/usr/lib/system/libkxld.dylib
0x000000001d416000 	/usr/lib/libcoretls.dylib
0x000000001d416000 	/usr/lib/libcoretls_cfhelpers.dylib
0x000000001d416000 	/usr/lib/libOpenScriptingUtil.dylib
0x000000001d416000 	/usr/lib/libpam.2.dylib
0x000000001d416000 	/usr/lib/libsqlite3.dylib
0x000000001d416000 	/usr/lib/libxar.1.dylib
0x000000001d416000 	/usr/lib/libbz2.1.0.dylib
0x000000001d416000 	/usr/lib/liblzma.5.dylib
0x000000001d416000 	/usr/lib/libnetwork.dylib
0x000000001d416000 	/usr/lib/libpcap.A.dylib
0x000000001d416000 	/System/Library/Frameworks/CoreServices.framework/Versions/A/Frameworks/FSEvents.framework/Versions/A/FSEvents
0x000000001d416000 	/System/Library/Frameworks/CoreServices.framework/Versions/A/Frameworks/CarbonCore.framework/Versions/A/CarbonCore
0x000000001d416000 	/System/Library/Frameworks/CoreServices.framework/Versions/A/Frameworks/Metadata.framework/Versions/A/Metadata
0x000000001d416000 	/System/Library/Frameworks/CoreServices.framework/Versions/A/Frameworks/OSServices.framework/Versions/A/OSServices
0x000000001d416000 	/System/Library/Frameworks/CoreServices.framework/Versions/A/Frameworks/SearchKit.framework/Versions/A/SearchKit
0x000000001d416000 	/System/Library/Frameworks/CoreServices.framework/Versions/A/Frameworks/AE.framework/Versions/A/AE
0x000000001d416000 	/System/Library/Frameworks/CoreServices.framework/Versions/A/Frameworks/LaunchServices.framework/Versions/A/LaunchServices
0x000000001d416000 	/System/Library/Frameworks/CoreServices.framework/Versions/A/Frameworks/DictionaryServices.framework/Versions/A/DictionaryServices
0x000000001d416000 	/System/Library/Frameworks/CoreServices.framework/Versions/A/Frameworks/SharedFileList.framework/Versions/A/SharedFileList
0x000000001d416000 	/System/Library/Frameworks/NetFS.framework/Versions/A/NetFS
0x000000001d416000 	/System/Library/PrivateFrameworks/NetAuth.framework/Versions/A/NetAuth
0x000000001d416000 	/System/Library/PrivateFrameworks/login.framework/Versions/A/Frameworks/loginsupport.framework/Versions/A/loginsupport
0x000000001d416000 	/System/Library/PrivateFrameworks/TCC.framework/Versions/A/TCC
0x000000001d416000 	/usr/lib/libmecabra.dylib
0x000000001d416000 	/System/Library/Frameworks/ApplicationServices.framework/Versions/A/Frameworks/ATS.framework/Versions/A/ATS
0x000000001d416000 	/System/Library/Frameworks/ApplicationServices.framework/Versions/A/Frameworks/ColorSync.framework/Versions/A/ColorSync
0x000000001d416000 	/System/Library/Frameworks/ApplicationServices.framework/Versions/A/Frameworks/HIServices.framework/Versions/A/HIServices
0x000000001d416000 	/System/Library/Frameworks/ApplicationServices.framework/Versions/A/Frameworks/LangAnalysis.framework/Versions/A/LangAnalysis
0x000000001d416000 	/System/Library/Frameworks/ApplicationServices.framework/Versions/A/Frameworks/PrintCore.framework/Versions/A/PrintCore
0x000000001d416000 	/System/Library/Frameworks/ApplicationServices.framework/Versions/A/Frameworks/QD.framework/Versions/A/QD
0x000000001d416000 	/System/Library/Frameworks/ApplicationServices.framework/Versions/A/Frameworks/SpeechSynthesis.framework/Versions/A/SpeechSynthesis
0x000000001d416000 	/System/Library/Frameworks/Accelerate.framework/Versions/A/Frameworks/vImage.framework/Versions/A/vImage
0x000000001d416000 	/System/Library/Frameworks/Accelerate.framework/Versions/A/Frameworks/vecLib.framework/Versions/A/vecLib
0x000000001d416000 	/System/Library/Frameworks/Accelerate.framework/Versions/A/Frameworks/vecLib.framework/Versions/A/libvDSP.dylib
0x000000001d416000 	/System/Library/Frameworks/Accelerate.framework/Versions/A/Frameworks/vecLib.framework/Versions/A/libBNNS.dylib
0x000000001d416000 	/System/Library/Frameworks/Accelerate.framework/Versions/A/Frameworks/vecLib.framework/Versions/A/libQuadrature.dylib
0x000000001d416000 	/System/Library/Frameworks/Accelerate.framework/Versions/A/Frameworks/vecLib.framework/Versions/A/libvMisc.dylib
0x000000001d416000 	/System/Library/Frameworks/Accelerate.framework/Versions/A/Frameworks/vecLib.framework/Versions/A/libLAPACK.dylib
0x000000001d416000 	/System/Library/Frameworks/Accelerate.framework/Versions/A/Frameworks/vecLib.framework/Versions/A/libBLAS.dylib
0x000000001d416000 	/System/Library/Frameworks/Accelerate.framework/Versions/A/Frameworks/vecLib.framework/Versions/A/libLinearAlgebra.dylib
0x000000001d416000 	/System/Library/Frameworks/Accelerate.framework/Versions/A/Frameworks/vecLib.framework/Versions/A/libSparseBLAS.dylib
0x000000001d416000 	/System/Library/Frameworks/ApplicationServices.framework/Versions/A/Frameworks/ATS.framework/Versions/A/Resources/libFontParser.dylib
0x000000001d416000 	/System/Library/Frameworks/ApplicationServices.framework/Versions/A/Frameworks/ATS.framework/Versions/A/Resources/libFontRegistry.dylib
0x000000001d416000 	/System/Library/Frameworks/ImageIO.framework/Versions/A/Resources/libJPEG.dylib
0x000000001d416000 	/System/Library/Frameworks/ImageIO.framework/Versions/A/Resources/libTIFF.dylib
0x000000001d416000 	/System/Library/Frameworks/ImageIO.framework/Versions/A/Resources/libPng.dylib
0x000000001d416000 	/System/Library/Frameworks/ImageIO.framework/Versions/A/Resources/libGIF.dylib
0x000000001d416000 	/System/Library/Frameworks/ImageIO.framework/Versions/A/Resources/libJP2.dylib
0x000000001d416000 	/System/Library/Frameworks/ImageIO.framework/Versions/A/Resources/libRadiance.dylib
0x000000001d416000 	/usr/lib/libcompression.dylib
0x000000001d416000 	/System/Library/PrivateFrameworks/AppleJPEG.framework/Versions/A/AppleJPEG
0x000000001d416000 	/usr/lib/libcups.2.dylib
0x000000001d416000 	/System/Library/Frameworks/Kerberos.framework/Versions/A/Kerberos
0x000000001d416000 	/System/Library/Frameworks/GSS.framework/Versions/A/GSS
0x000000001d416000 	/usr/lib/libresolv.9.dylib
0x000000001d416000 	/usr/lib/libiconv.2.dylib
0x000000001d416000 	/System/Library/PrivateFrameworks/Heimdal.framework/Versions/A/Heimdal
0x000000001d416000 	/usr/lib/libheimdal-asn1.dylib
0x000000001d416000 	/System/Library/Frameworks/OpenDirectory.framework/Versions/A/OpenDirectory
0x000000001d416000 	/System/Library/PrivateFrameworks/CommonAuth.framework/Versions/A/CommonAuth
0x000000001d416000 	/System/Library/Frameworks/OpenDirectory.framework/Versions/A/Frameworks/CFOpenDirectory.framework/Versions/A/CFOpenDirectory
0x000000001d416000 	/System/Library/Frameworks/SecurityFoundation.framework/Versions/A/SecurityFoundation
0x000000001d416000 	/System/Library/PrivateFrameworks/LanguageModeling.framework/Versions/A/LanguageModeling
0x000000001d416000 	/usr/lib/libmarisa.dylib
0x000000001d416000 	/usr/lib/libChineseTokenizer.dylib
0x000000001d416000 	/usr/lib/libcmph.dylib
0x000000001d416000 	/System/Library/PrivateFrameworks/CoreEmoji.framework/Versions/A/CoreEmoji
0x000000001d416000 	/System/Library/Frameworks/ServiceManagement.framework/Versions/A/ServiceManagement
0x000000001d416000 	/usr/lib/libxslt.1.dylib
0x000000001d416000 	/System/Library/Frameworks/Carbon.framework/Versions/A/Frameworks/Ink.framework/Versions/A/Ink
0x000000001d416000 	/System/Library/PrivateFrameworks/TextureIO.framework/Versions/A/TextureIO
0x000000001d416000 	/System/Library/Frameworks/Metal.framework/Versions/A/Metal
0x000000001d416000 	/usr/lib/libate.dylib
0x000000001d416000 	/System/Library/PrivateFrameworks/GPUCompiler.framework/libmetal_timestamp.dylib
0x000000001d416000 	/System/Library/Frameworks/OpenGL.framework/Versions/A/Libraries/libCoreFSCache.dylib
0x000000001d416000 	/System/Library/PrivateFrameworks/IOAccelerator.framework/Versions/A/IOAccelerator
0x000000001d416000 	/System/Library/Frameworks/CoreVideo.framework/Versions/A/CoreVideo
0x000000001d416000 	/usr/lib/libFosl_dynamic.dylib
0x000000001d416000 	/System/Library/PrivateFrameworks/MetalPerformanceShaders.framework/Versions/A/MetalPerformanceShaders
0x000000001d416000 	/System/Library/PrivateFrameworks/FaceCore.framework/Versions/A/FaceCore
0x000000001d416000 	/System/Library/Frameworks/OpenCL.framework/Versions/A/OpenCL
0x000000001d416000 	/System/Library/Frameworks/OpenGL.framework/Versions/A/Libraries/libGLU.dylib
0x000000001d416000 	/System/Library/Frameworks/OpenGL.framework/Versions/A/Libraries/libGFXShared.dylib
0x000000001d416000 	/System/Library/Frameworks/OpenGL.framework/Versions/A/Libraries/libGL.dylib
0x000000001d416000 	/System/Library/Frameworks/OpenGL.framework/Versions/A/Libraries/libGLImage.dylib
0x000000001d416000 	/System/Library/Frameworks/OpenGL.framework/Versions/A/Libraries/libCVMSPluginSupport.dylib
0x000000001d416000 	/System/Library/Frameworks/OpenGL.framework/Versions/A/Libraries/libCoreVMClient.dylib
0x000000001d416000 	/System/Library/PrivateFrameworks/CrashReporterSupport.framework/Versions/A/CrashReporterSupport
0x000000001d416000 	/System/Library/PrivateFrameworks/Sharing.framework/Versions/A/Sharing
0x000000001d416000 	/System/Library/PrivateFrameworks/IconServices.framework/Versions/A/IconServices
0x000000001d416000 	/System/Library/PrivateFrameworks/ProtocolBuffer.framework/Versions/A/ProtocolBuffer
0x000000001d416000 	/System/Library/PrivateFrameworks/Apple80211.framework/Versions/A/Apple80211
0x000000001d416000 	/System/Library/Frameworks/CoreWLAN.framework/Versions/A/CoreWLAN
0x000000001d416000 	/System/Library/PrivateFrameworks/CoreUtils.framework/Versions/A/CoreUtils
0x000000001d416000 	/System/Library/Frameworks/IOBluetooth.framework/Versions/A/IOBluetooth
0x000000001d416000 	/System/Library/PrivateFrameworks/CoreWiFi.framework/Versions/A/CoreWiFi
0x000000001d416000 	/System/Library/Frameworks/CoreBluetooth.framework/Versions/A/CoreBluetooth
0x000000001d416000 	/System/Library/Frameworks/CoreDisplay.framework/Versions/A/CoreDisplay
0x000000001d416000 	/System/Library/PrivateFrameworks/IOPresentment.framework/Versions/A/IOPresentment
0x000000001d416000 	/System/Library/PrivateFrameworks/DSExternalDisplay.framework/Versions/A/DSExternalDisplay
0x000000001d416000 	/System/Library/PrivateFrameworks/DebugSymbols.framework/Versions/A/DebugSymbols
0x000000001d416000 	/System/Library/PrivateFrameworks/CoreSymbolication.framework/Versions/A/CoreSymbolication
0x000000001d416000 	/System/Library/PrivateFrameworks/Symbolication.framework/Versions/A/Symbolication
0x000000001d416000 	/System/Library/PrivateFrameworks/AppleFSCompression.framework/Versions/A/AppleFSCompression
0x000000001d416000 	/System/Library/PrivateFrameworks/SpeechRecognitionCore.framework/Versions/A/SpeechRecognitionCore
0x000000001d416000 	/System/Library/PrivateFrameworks/ChunkingLibrary.framework/Versions/A/ChunkingLibrary
0x0000000109336000 	/System/Library/CoreServices/Encodings/libSimplifiedChineseConverter.dylib
0x0000000109c00000 	/Library/Java/JavaVirtualMachines/jdk1.8.0_45.jdk/Contents/Home/jre/lib/server/libjvm.dylib
0x000000001d416000 	/usr/lib/libstdc++.6.dylib
0x000000010937a000 	/Library/Java/JavaVirtualMachines/jdk1.8.0_45.jdk/Contents/Home/jre/lib/libverify.dylib
0x0000000109388000 	/Library/Java/JavaVirtualMachines/jdk1.8.0_45.jdk/Contents/Home/jre/lib/libjava.dylib
0x000000010ab69000 	/Library/Java/JavaVirtualMachines/jdk1.8.0_45.jdk/Contents/Home/jre/lib/libjdwp.dylib
0x00000001093be000 	/Library/Java/JavaVirtualMachines/jdk1.8.0_45.jdk/Contents/Home/jre/lib/libnpt.dylib
0x00000001093cb000 	/Library/Java/JavaVirtualMachines/jdk1.8.0_45.jdk/Contents/Home/jre/lib/libzip.dylib
0x00000001112ee000 	/System/Library/Frameworks/JavaVM.framework/Frameworks/JavaRuntimeSupport.framework/JavaRuntimeSupport
0x0000000111308000 	/System/Library/Frameworks/JavaVM.framework/Versions/A/Frameworks/JavaNativeFoundation.framework/Versions/A/JavaNativeFoundation
0x00000001205ab000 	/System/Library/Frameworks/JavaVM.framework/Versions/A/JavaVM
0x000000001d416000 	/System/Library/Frameworks/Carbon.framework/Versions/A/Carbon
0x00000001205b8000 	/System/Library/PrivateFrameworks/JavaLaunching.framework/Versions/A/JavaLaunching
0x000000001d416000 	/System/Library/Frameworks/Carbon.framework/Versions/A/Frameworks/CommonPanels.framework/Versions/A/CommonPanels
0x000000001d416000 	/System/Library/Frameworks/Carbon.framework/Versions/A/Frameworks/Help.framework/Versions/A/Help
0x000000001d416000 	/System/Library/Frameworks/Carbon.framework/Versions/A/Frameworks/ImageCapture.framework/Versions/A/ImageCapture
0x000000001d416000 	/System/Library/Frameworks/Carbon.framework/Versions/A/Frameworks/OpenScripting.framework/Versions/A/OpenScripting
0x000000001d416000 	/System/Library/Frameworks/Carbon.framework/Versions/A/Frameworks/Print.framework/Versions/A/Print
0x000000001d416000 	/System/Library/Frameworks/Carbon.framework/Versions/A/Frameworks/SecurityHI.framework/Versions/A/SecurityHI
0x0000000121ec5000 	/Library/Java/JavaVirtualMachines/jdk1.8.0_45.jdk/Contents/Home/jre/lib/libdt_socket.dylib
0x0000000121ecc000 	/Library/Java/JavaVirtualMachines/jdk1.8.0_45.jdk/Contents/Home/jre/lib/libmanagement.dylib
0x0000000121ed9000 	/Library/Java/JavaVirtualMachines/jdk1.8.0_45.jdk/Contents/Home/jre/lib/libnet.dylib
0x0000000121f38000 	/Library/Java/JavaVirtualMachines/jdk1.8.0_45.jdk/Contents/Home/jre/lib/libnio.dylib
0x00000001248d5000 	/Library/Java/JavaVirtualMachines/jdk1.8.0_45.jdk/Contents/Home/jre/lib/libsunec.dylib

VM Arguments:
jvm_args: -agentlib:jdwp=transport=dt_socket,suspend=y,address=localhost:56102 -Dcom.sun.management.jmxremote -Dcom.sun.management.jmxremote.port=56097 -Dcom.sun.management.jmxremote.authenticate=false -Dcom.sun.management.jmxremote.ssl=false -Djava.rmi.server.hostname=localhost -Dspring.liveBeansView.mbeanDomain -Dspring.application.admin.enabled=true -Djava.security.egd=file:/dev/./urandom -Xverify:none -XX:TieredStopAtLevel=1 -Dfile.encoding=UTF-8 
java_command: com.vdaoyun.systemapi.SystemApiApplication --spring.output.ansi.enabled=always
java_class_path (initial): /Library/Java/JavaVirtualMachines/jdk1.8.0_45.jdk/Contents/Home/jre/lib/resources.jar:/Library/Java/JavaVirtualMachines/jdk1.8.0_45.jdk/Contents/Home/jre/lib/rt.jar:/Library/Java/JavaVirtualMachines/jdk1.8.0_45.jdk/Contents/Home/jre/lib/jsse.jar:/Library/Java/JavaVirtualMachines/jdk1.8.0_45.jdk/Contents/Home/jre/lib/jce.jar:/Library/Java/JavaVirtualMachines/jdk1.8.0_45.jdk/Contents/Home/jre/lib/charsets.jar:/Library/Java/JavaVirtualMachines/jdk1.8.0_45.jdk/Contents/Home/jre/lib/jfr.jar:/Library/Java/JavaVirtualMachines/jdk1.8.0_45.jdk/Contents/Home/jre/lib/ext/cldrdata.jar:/Library/Java/JavaVirtualMachines/jdk1.8.0_45.jdk/Contents/Home/jre/lib/ext/dnsns.jar:/Library/Java/JavaVirtualMachines/jdk1.8.0_45.jdk/Contents/Home/jre/lib/ext/jfxrt.jar:/Library/Java/JavaVirtualMachines/jdk1.8.0_45.jdk/Contents/Home/jre/lib/ext/localedata.jar:/Library/Java/JavaVirtualMachines/jdk1.8.0_45.jdk/Contents/Home/jre/lib/ext/nashorn.jar:/Library/Java/JavaVirtualMachines/jdk1.8.0_45.jdk/Contents/Home/jre/lib/ext/sunec.jar:/Library/Java/JavaVirtualMachines/jdk1.8.0_45.jdk/Contents/Home/jre/lib/ext/sunjce_provider.jar:/Library/Java/JavaVirtualMachines/jdk1.8.0_45.jdk/Contents/Home/jre/lib/ext/sunpkcs11.jar:/Library/Java/JavaVirtualMachines/jdk1.8.0_45.jdk/Contents/Home/jre/lib/ext/zipfs.jar:/System/Library/Java/Extensions/MRJToolkit.jar:/Users/Ken/Documents/Java/YT_WORKSPACE/system-api/target/classes:/Users/Ken/Documents/IdeaMavenRepo/repo/com/alibaba/druid/1.0.11/druid-1.0.11.jar:/Library/Java/JavaVirtualMachines/jdk1.8.0_45.jdk/Contents/Home/lib/jconsole.jar:/Library/Java/JavaVirtualMachines/jdk1.8.0_45.jdk/Contents/Home/lib/tools.jar:/Users/Ken/Documents/IdeaMavenRepo/repo/org/mybatis/spring/boot/mybatis-spring-boot-starter/1.2.0/mybatis-spring-boot-starter-1.2.0.jar:/Users/Ken/Documents/IdeaMavenRepo/repo/org/springframework/boot/spring-boot-starter/1.5.6.RELEASE/spring-boot-starter-1.5.6.RELEASE.jar:/Users/Ken/Documents/IdeaMavenRepo/repo/org/springframew
Launcher Type: SUN_STANDARD

Environment Variables:
PATH=/usr/bin:/bin:/usr/sbin:/sbin
SHELL=/bin/bash
DISPLAY=/private/tmp/com.apple.launchd.VZbfpVzWEH/org.macosforge.xquartz:0

Signal Handlers:
SIGSEGV: [libjvm.dylib+0x58ef95], sa_mask[0]=11111111011111110111111111111111, sa_flags=SA_ONSTACK|SA_RESTART|SA_SIGINFO
SIGBUS: [libjvm.dylib+0x58ef95], sa_mask[0]=11111111011111110111111111111111, sa_flags=SA_RESTART|SA_SIGINFO
SIGFPE: [libjvm.dylib+0x46c108], sa_mask[0]=11111111011111110111111111111111, sa_flags=SA_RESTART|SA_SIGINFO
SIGPIPE: [libjvm.dylib+0x46c108], sa_mask[0]=11111111011111110111111111111111, sa_flags=SA_RESTART|SA_SIGINFO
SIGXFSZ: [libjvm.dylib+0x46c108], sa_mask[0]=11111111011111110111111111111111, sa_flags=SA_RESTART|SA_SIGINFO
SIGILL: [libjvm.dylib+0x46c108], sa_mask[0]=11111111011111110111111111111111, sa_flags=SA_RESTART|SA_SIGINFO
SIGUSR1: SIG_DFL, sa_mask[0]=00000000000000000000000000000000, sa_flags=none
SIGUSR2: [libjvm.dylib+0x46bc26], sa_mask[0]=00100000000000000000000000000000, sa_flags=SA_RESTART|SA_SIGINFO
SIGHUP: [libjvm.dylib+0x46a1f9], sa_mask[0]=11111111011111110111111111111111, sa_flags=SA_RESTART|SA_SIGINFO
SIGINT: [libjvm.dylib+0x46a1f9], sa_mask[0]=11111111011111110111111111111111, sa_flags=SA_RESTART|SA_SIGINFO
SIGTERM: [libjvm.dylib+0x46a1f9], sa_mask[0]=11111111011111110111111111111111, sa_flags=SA_RESTART|SA_SIGINFO
SIGQUIT: [libjvm.dylib+0x46a1f9], sa_mask[0]=11111111011111110111111111111111, sa_flags=SA_RESTART|SA_SIGINFO


---------------  S Y S T E M  ---------------

OS:Bsduname:Darwin 16.7.0 Darwin Kernel Version 16.7.0: Thu Jun 15 17:36:27 PDT 2017; root:xnu-3789.70.16~2/RELEASE_X86_64 x86_64
rlimit: STACK 8192k, CORE 0k, NPROC 709, NOFILE 10240, AS infinity
load average:2.64 2.87 2.67

CPU:total 4 (2 cores per cpu, 2 threads per core) family 6 model 69 stepping 1, cmov, cx8, fxsr, mmx, sse, sse2, sse3, ssse3, sse4.1, sse4.2, popcnt, avx, avx2, aes, clmul, erms, lzcnt, ht, tsc, tscinvbit, bmi1, bmi2

Memory: 4k page, physical 8388608k(62500k free)

/proc/meminfo:


vm_info: Java HotSpot(TM) 64-Bit Server VM (25.45-b02) for bsd-amd64 JRE (1.8.0_45-b14), built on Apr 10 2015 10:46:38 by "java_re" with gcc 4.2.1 (Based on Apple Inc. build 5658) (LLVM build 2336.11.00)

time: Fri Jul 27 11:20:53 2018
elapsed time: 801 seconds (0d 0h 13m 21s)

